# JRE version: Java(TM) SE Runtime Environment (7.0_67-b01) (build 1.7.0_67-b01)
# Java VM: Java HotSpot(TM) 64-Bit Server VM (24.65-b04 mixed mode bsd-amd64 compressed oops)
Heap
 PSYoungGen      total 76800K, used 33052K [0x00000007aaa80000, 0x00000007b0000000, 0x0000000800000000)
  eden space 66048K, 40% used [0x00000007aaa80000,0x00000007ac469cd0,0x00000007aeb00000)
  from space 10752K, 60% used [0x00000007af580000,0x00000007afbdd558,0x00000007b0000000)
  to   space 10752K, 0% used [0x00000007aeb00000,0x00000007aeb00000,0x00000007af580000)
 ParOldGen       total 174592K, used 41373K [0x0000000700000000, 0x000000070aa80000, 0x00000007aaa80000)
  object space 174592K, 23% used [0x0000000700000000,0x0000000702867440,0x000000070aa80000)
 PSPermGen       total 21504K, used 4521K [0x00000006fae00000, 0x00000006fc300000, 0x0000000700000000)
  object space 21504K, 21% used [0x00000006fae00000,0x00000006fb26a690,0x00000006fc300000)
GC Heap History (4 events):
Event: 1871.058 GC heap before
{Heap before GC invocations=1 (full 0):
 PSYoungGen      total 76800K, used 61867K [0x00000007aaa80000, 0x00000007b0000000, 0x0000000800000000)
  eden space 66048K, 93% used [0x00000007aaa80000,0x00000007ae6eae70,0x00000007aeb00000)
  from space 10752K, 0% used [0x00000007af580000,0x00000007af580000,0x00000007b0000000)
  to   space 10752K, 0% used [0x00000007aeb00000,0x00000007aeb00000,0x00000007af580000)
 ParOldGen       total 174592K, used 0K [0x0000000700000000, 0x000000070aa80000, 0x00000007aaa80000)
  object space 174592K, 0% used [0x0000000700000000,0x0000000700000000,0x000000070aa80000)
 PSPermGen       total 21504K, used 4513K [0x00000006fae00000, 0x00000006fc300000, 0x0000000700000000)
  object space 21504K, 20% used [0x00000006fae00000,0x00000006fb268440,0x00000006fc300000)
Event: 1871.067 GC heap after
Heap after GC invocations=1 (full 0):
 PSYoungGen      total 76800K, used 9745K [0x00000007aaa80000, 0x00000007b0000000, 0x0000000800000000)
  eden space 66048K, 0% used [0x00000007aaa80000,0x00000007aaa80000,0x00000007aeb00000)
  from space 10752K, 90% used [0x00000007aeb00000,0x00000007af484798,0x00000007af580000)
  to   space 10752K, 0% used [0x00000007af580000,0x00000007af580000,0x00000007b0000000)
 ParOldGen       total 174592K, used 8K [0x0000000700000000, 0x000000070aa80000, 0x00000007aaa80000)
  object space 174592K, 0% used [0x0000000700000000,0x0000000700002000,0x000000070aa80000)
 PSPermGen       total 21504K, used 4513K [0x00000006fae00000, 0x00000006fc300000, 0x0000000700000000)
  object space 21504K, 20% used [0x00000006fae00000,0x00000006fb268440,0x00000006fc300000)
}
Event: 64194.087 GC heap before
{Heap before GC invocations=2 (full 0):
 PSYoungGen      total 76800K, used 64321K [0x00000007aaa80000, 0x00000007b0000000, 0x0000000800000000)
  eden space 66048K, 82% used [0x00000007aaa80000,0x00000007adfcbd90,0x00000007aeb00000)
  from space 10752K, 90% used [0x00000007aeb00000,0x00000007af484798,0x00000007af580000)
  to   space 10752K, 0% used [0x00000007af580000,0x00000007af580000,0x00000007b0000000)
 ParOldGen       total 174592K, used 8K [0x0000000700000000, 0x000000070aa80000, 0x00000007aaa80000)
  object space 174592K, 0% used [0x0000000700000000,0x0000000700002000,0x000000070aa80000)
 PSPermGen       total 21504K, used 4513K [0x00000006fae00000, 0x00000006fc300000, 0x0000000700000000)
  object space 21504K, 20% used [0x00000006fae00000,0x00000006fb268440,0x00000006fc300000)
Event: 64194.119 GC heap after
Heap after GC invocations=2 (full 0):
 PSYoungGen      total 76800K, used 6517K [0x00000007aaa80000, 0x00000007b0000000, 0x0000000800000000)
  eden space 66048K, 0% used [0x00000007aaa80000,0x00000007aaa80000,0x00000007aeb00000)
  from space 10752K, 60% used [0x00000007af580000,0x00000007afbdd558,0x00000007b0000000)
  to   space 10752K, 0% used [0x00000007aeb00000,0x00000007aeb00000,0x00000007af580000)
 ParOldGen       total 174592K, used 41373K [0x0000000700000000, 0x000000070aa80000, 0x00000007aaa80000)
  object space 174592K, 23% used [0x0000000700000000,0x0000000702867440,0x000000070aa80000)
 PSPermGen       total 21504K, used 4513K [0x00000006fae00000, 0x00000006fc300000, 0x0000000700000000)
  object space 21504K, 20% used [0x00000006fae00000,0x00000006fb268440,0x00000006fc300000)
}

